<?xml version="1.0" encoding="UTF-8"?>
<!-- Generated by org.testng.reporters.JUnitReportReporter -->
<testsuite skipped="0" hostname="MuniPC" name="testCases.TC_001_AccountRegistration" tests="1" failures="0" timestamp="2022-12-27T17:43:17 PST" time="5.494" errors="0">
  <testcase name="test_account_registration" time="5.494" classname="testCases.TC_001_AccountRegistration"/>
  <system-out/>
</testsuite> <!-- testCases.TC_001_AccountRegistration -->
