<?xml version="1.0" encoding="UTF-8"?>
<!-- Generated by org.testng.reporters.JUnitReportReporter -->
<testsuite skipped="0" hostname="MuniPC" name="testCases.TC_003_LoginDDT" tests="4" failures="0" timestamp="2022-12-27T17:41:13 PST" time="7.548" errors="0">
  <testcase name="loginDDT" time="2.777" classname="testCases.TC_003_LoginDDT"/>
  <system-out/>
  <testcase name="loginDDT" time="1.714" classname="testCases.TC_003_LoginDDT"/>
  <system-out/>
  <testcase name="loginDDT" time="1.735" classname="testCases.TC_003_LoginDDT"/>
  <system-out/>
  <testcase name="loginDDT" time="1.322" classname="testCases.TC_003_LoginDDT"/>
  <system-out/>
</testsuite> <!-- testCases.TC_003_LoginDDT -->
