<?xml version="1.0" encoding="UTF-8"?>
<!-- Generated by org.testng.reporters.JUnitReportReporter -->
<testsuite skipped="0" hostname="MuniPC" name="testCases.TC_002_Login" tests="1" failures="0" timestamp="2022-12-27T17:53:28 PST" time="3.002" errors="0">
  <testcase name="loginNormal" time="3.002" classname="testCases.TC_002_Login"/>
  <system-out/>
</testsuite> <!-- testCases.TC_002_Login -->
