<?xml version="1.0" encoding="UTF-8"?>
<!-- Generated by org.testng.reporters.JUnitReportReporter -->
<testsuite skipped="0" hostname="MuniPC" name="testCases.TC_003_LoginDDT" tests="4" failures="0" timestamp="2022-12-28T13:37:02 PST" time="7.684" errors="0">
  <testcase name="loginDDT" time="1.600" classname="testCases.TC_003_LoginDDT"/>
  <system-out/>
  <testcase name="loginDDT" time="1.521" classname="testCases.TC_003_LoginDDT"/>
  <system-out/>
  <testcase name="loginDDT" time="2.911" classname="testCases.TC_003_LoginDDT"/>
  <system-out/>
  <testcase name="loginDDT" time="1.652" classname="testCases.TC_003_LoginDDT"/>
  <system-out/>
</testsuite> <!-- testCases.TC_003_LoginDDT -->
